<?xml version="1.0" encoding="UTF-8"?>
<!-- Generated by org.testng.reporters.JUnitReportReporter -->
<testsuite hostname="DESKTOP-LT7SG4G" failures="0" tests="1" name="com.Hybride.testcase.CreateAccount" time="5.005" errors="0" timestamp="2024-01-30T21:10:39 IST" skipped="0">
  <testcase classname="com.Hybride.testcase.CreateAccount" name="loginTest" time="5.005"/>
</testsuite> <!-- com.Hybride.testcase.CreateAccount -->
